16-Nov-2020 00:08:46.722 INFO [main] org.apache.catalina.startup.VersionLoggerListener.log Server version name:   Apache Tomcat/9.0.39
16-Nov-2020 00:08:46.725 INFO [main] org.apache.catalina.startup.VersionLoggerListener.log Server built:          Oct 6 2020 14:11:46 UTC
16-Nov-2020 00:08:46.726 INFO [main] org.apache.catalina.startup.VersionLoggerListener.log Server version number: 9.0.39.0
16-Nov-2020 00:08:46.726 INFO [main] org.apache.catalina.startup.VersionLoggerListener.log OS Name:               Mac OS X
16-Nov-2020 00:08:46.726 INFO [main] org.apache.catalina.startup.VersionLoggerListener.log OS Version:            10.16
16-Nov-2020 00:08:46.726 INFO [main] org.apache.catalina.startup.VersionLoggerListener.log Architecture:          x86_64
16-Nov-2020 00:08:46.726 INFO [main] org.apache.catalina.startup.VersionLoggerListener.log Java Home:             /Library/Java/JavaVirtualMachines/jdk-11.0.4.jdk/Contents/Home
16-Nov-2020 00:08:46.726 INFO [main] org.apache.catalina.startup.VersionLoggerListener.log JVM Version:           11.0.4+10-LTS
16-Nov-2020 00:08:46.727 INFO [main] org.apache.catalina.startup.VersionLoggerListener.log JVM Vendor:            Oracle Corporation
16-Nov-2020 00:08:46.727 INFO [main] org.apache.catalina.startup.VersionLoggerListener.log CATALINA_BASE:         /Users/wesley150/Engenharia de Computação - IFPB/web/projetos/apache-tomcat-9.0.39
16-Nov-2020 00:08:46.727 INFO [main] org.apache.catalina.startup.VersionLoggerListener.log CATALINA_HOME:         /Users/wesley150/Engenharia de Computação - IFPB/web/projetos/apache-tomcat-9.0.39
16-Nov-2020 00:08:46.740 INFO [main] org.apache.catalina.startup.VersionLoggerListener.log Command line argument: --add-opens=java.base/java.lang=ALL-UNNAMED
16-Nov-2020 00:08:46.740 INFO [main] org.apache.catalina.startup.VersionLoggerListener.log Command line argument: --add-opens=java.base/java.io=ALL-UNNAMED
16-Nov-2020 00:08:46.740 INFO [main] org.apache.catalina.startup.VersionLoggerListener.log Command line argument: --add-opens=java.rmi/sun.rmi.transport=ALL-UNNAMED
16-Nov-2020 00:08:46.740 INFO [main] org.apache.catalina.startup.VersionLoggerListener.log Command line argument: -Djava.util.logging.config.file=/Users/wesley150/Engenharia de Computação - IFPB/web/projetos/apache-tomcat-9.0.39/conf/logging.properties
16-Nov-2020 00:08:46.741 INFO [main] org.apache.catalina.startup.VersionLoggerListener.log Command line argument: -Djava.util.logging.manager=org.apache.juli.ClassLoaderLogManager
16-Nov-2020 00:08:46.741 INFO [main] org.apache.catalina.startup.VersionLoggerListener.log Command line argument: -Djdk.tls.ephemeralDHKeySize=2048
16-Nov-2020 00:08:46.741 INFO [main] org.apache.catalina.startup.VersionLoggerListener.log Command line argument: -Djava.protocol.handler.pkgs=org.apache.catalina.webresources
16-Nov-2020 00:08:46.741 INFO [main] org.apache.catalina.startup.VersionLoggerListener.log Command line argument: -Dorg.apache.catalina.security.SecurityListener.UMASK=0027
16-Nov-2020 00:08:46.741 INFO [main] org.apache.catalina.startup.VersionLoggerListener.log Command line argument: -Dignore.endorsed.dirs=
16-Nov-2020 00:08:46.741 INFO [main] org.apache.catalina.startup.VersionLoggerListener.log Command line argument: -Dcatalina.base=/Users/wesley150/Engenharia de Computação - IFPB/web/projetos/apache-tomcat-9.0.39
16-Nov-2020 00:08:46.741 INFO [main] org.apache.catalina.startup.VersionLoggerListener.log Command line argument: -Dcatalina.home=/Users/wesley150/Engenharia de Computação - IFPB/web/projetos/apache-tomcat-9.0.39
16-Nov-2020 00:08:46.741 INFO [main] org.apache.catalina.startup.VersionLoggerListener.log Command line argument: -Djava.io.tmpdir=/Users/wesley150/Engenharia de Computação - IFPB/web/projetos/apache-tomcat-9.0.39/temp
16-Nov-2020 00:08:46.743 INFO [main] org.apache.catalina.core.AprLifecycleListener.lifecycleEvent The Apache Tomcat Native library which allows using OpenSSL was not found on the java.library.path: [/Users/wesley150/Library/Java/Extensions:/Library/Java/Extensions:/Network/Library/Java/Extensions:/System/Library/Java/Extensions:/usr/lib/java:.]
16-Nov-2020 00:08:46.997 INFO [main] org.apache.coyote.AbstractProtocol.init Initializing ProtocolHandler ["http-nio-8080"]
16-Nov-2020 00:08:47.024 INFO [main] org.apache.catalina.startup.Catalina.load Server initialization in [516] milliseconds
16-Nov-2020 00:08:47.063 INFO [main] org.apache.catalina.core.StandardService.startInternal Starting service [Catalina]
16-Nov-2020 00:08:47.063 INFO [main] org.apache.catalina.core.StandardEngine.startInternal Starting Servlet engine: [Apache Tomcat/9.0.39]
16-Nov-2020 00:08:47.079 INFO [main] org.apache.catalina.startup.HostConfig.deployWAR Deploying web application archive [/Users/wesley150/Engenharia de Computação - IFPB/web/projetos/apache-tomcat-9.0.39/webapps/agenda.war]
16-Nov-2020 00:08:47.482 INFO [main] org.apache.catalina.startup.HostConfig.deployWAR Deployment of web application archive [/Users/wesley150/Engenharia de Computação - IFPB/web/projetos/apache-tomcat-9.0.39/webapps/agenda.war] has finished in [403] ms
16-Nov-2020 00:08:47.483 INFO [main] org.apache.catalina.startup.HostConfig.deployDirectory Diretório de instalação da aplicação web [/Users/wesley150/Engenharia de Computação - IFPB/web/projetos/apache-tomcat-9.0.39/webapps/docs]
16-Nov-2020 00:08:47.500 INFO [main] org.apache.catalina.startup.HostConfig.deployDirectory Deployment of web application directory [/Users/wesley150/Engenharia de Computação - IFPB/web/projetos/apache-tomcat-9.0.39/webapps/docs] has finished in [17] ms
16-Nov-2020 00:08:47.500 INFO [main] org.apache.catalina.startup.HostConfig.deployDirectory Diretório de instalação da aplicação web [/Users/wesley150/Engenharia de Computação - IFPB/web/projetos/apache-tomcat-9.0.39/webapps/manager]
16-Nov-2020 00:08:47.531 INFO [main] org.apache.catalina.startup.HostConfig.deployDirectory Deployment of web application directory [/Users/wesley150/Engenharia de Computação - IFPB/web/projetos/apache-tomcat-9.0.39/webapps/manager] has finished in [31] ms
16-Nov-2020 00:08:47.531 INFO [main] org.apache.catalina.startup.HostConfig.deployDirectory Diretório de instalação da aplicação web [/Users/wesley150/Engenharia de Computação - IFPB/web/projetos/apache-tomcat-9.0.39/webapps/examples]
16-Nov-2020 00:08:47.762 INFO [main] org.apache.catalina.startup.HostConfig.deployDirectory Deployment of web application directory [/Users/wesley150/Engenharia de Computação - IFPB/web/projetos/apache-tomcat-9.0.39/webapps/examples] has finished in [231] ms
16-Nov-2020 00:08:47.762 INFO [main] org.apache.catalina.startup.HostConfig.deployDirectory Diretório de instalação da aplicação web [/Users/wesley150/Engenharia de Computação - IFPB/web/projetos/apache-tomcat-9.0.39/webapps/ROOT]
16-Nov-2020 00:08:47.777 INFO [main] org.apache.catalina.startup.HostConfig.deployDirectory Deployment of web application directory [/Users/wesley150/Engenharia de Computação - IFPB/web/projetos/apache-tomcat-9.0.39/webapps/ROOT] has finished in [15] ms
16-Nov-2020 00:08:47.778 INFO [main] org.apache.catalina.startup.HostConfig.deployDirectory Diretório de instalação da aplicação web [/Users/wesley150/Engenharia de Computação - IFPB/web/projetos/apache-tomcat-9.0.39/webapps/host-manager]
16-Nov-2020 00:08:47.797 INFO [main] org.apache.catalina.startup.HostConfig.deployDirectory Deployment of web application directory [/Users/wesley150/Engenharia de Computação - IFPB/web/projetos/apache-tomcat-9.0.39/webapps/host-manager] has finished in [18] ms
16-Nov-2020 00:08:47.800 INFO [main] org.apache.coyote.AbstractProtocol.start Starting ProtocolHandler ["http-nio-8080"]
16-Nov-2020 00:08:47.808 INFO [main] org.apache.catalina.startup.Catalina.start Server startup in [783] milliseconds
16-Nov-2020 00:09:12.416 INFO [main] org.apache.catalina.core.StandardServer.await A valid shutdown command was received via the shutdown port. Stopping the Server instance.
16-Nov-2020 00:09:12.417 INFO [main] org.apache.coyote.AbstractProtocol.pause Pausing ProtocolHandler ["http-nio-8080"]
16-Nov-2020 00:09:12.426 INFO [main] org.apache.catalina.core.StandardService.stopInternal Stopping service [Catalina]
16-Nov-2020 00:09:12.454 INFO [main] org.apache.coyote.AbstractProtocol.stop Stopping ProtocolHandler ["http-nio-8080"]
16-Nov-2020 00:09:12.474 INFO [main] org.apache.coyote.AbstractProtocol.destroy Destroying ProtocolHandler ["http-nio-8080"]
